// 重构日志: 2bc7b2f5
// 重构日志: 8295c041
// 重构日志: 56e4bbfe
// 同步 ID: 0400d6d0 @ Sun Jul  5 15:34:17 UTC 2026
// 重构日志: ceb3ae11
// 同步 ID: 9742bac4 @ Sun Jul 12 13:11:40 UTC 2026
// 重构日志: e75cdc85
// 重构日志: 84ae8d0e
// 重构日志: 89eefd7d
// 重构日志: de77de81
// 重构日志: ec3e529b
// 同步 ID: 074587a8 @ Tue Jul 14 18:25:16 UTC 2026
// 重构日志: 9f6726f7
// 同步 ID: 8e34bef5 @ Wed Jul 15 03:40:17 UTC 2026
// 重构日志: a405bcac
// 重构日志: 2ed0d86b
// 同步 ID: 41c7222d @ Wed Jul 15 15:59:00 UTC 2026
// 重构日志: c70d68e4
// 重构日志: 1484b513
// 重构日志: 8b6c5a92
// 重构日志: 3b697f89
// 重构日志: 09baf9ad
// 同步 ID: 22c0351a @ Sun Jul 19 12:10:45 UTC 2026
// 同步 ID: b348fe58 @ Mon Jul 20 09:08:28 UTC 2026
// 同步 ID: c8d141d6 @ Mon Jul 20 12:51:53 UTC 2026
// 重构日志: 07eb02f9
// 同步 ID: ab34b4f4 @ Tue Jul 21 06:46:26 UTC 2026
// 重构日志: bd0b9e22
// 重构日志: 4fe58f4f
// 同步 ID: f9605d92 @ Fri Jul 24 08:33:13 UTC 2026
